
================================================================================
ERROR LOGGED: 2026-06-18T05:04:35.796Z
================================================================================
Error Name: Error
Error Message: Authentication timeout (3 minutes)

Stack Trace:
Error: Authentication timeout (3 minutes)
    at Timeout._onTimeout (file:///C:/Users/vinay/AppData/Roaming/npm/node_modules/bobshell/bundle/bob.js:2095:91)
    at listOnTimeout (node:internal/timers:605:17)
    at process.processTimers (node:internal/timers:541:7)
================================================================================


================================================================================
ERROR LOGGED: 2026-06-18T08:16:47.608Z
================================================================================
Error Name: Error
Error Message: Missing authorization code

Stack Trace:
Error: Missing authorization code
    at Server.<anonymous> (file:///C:/Users/vinay/AppData/Roaming/npm/node_modules/bobshell/bundle/bob.js:2088:209)
    at Server.emit (node:events:508:28)
    at parserOnIncoming (node:_http_server:1186:12)
    at HTTPParser.parserOnHeadersComplete (node:_http_common:123:17)
================================================================================


================================================================================
ERROR LOGGED: 2026-06-18T10:54:17.344Z
User ID: kv1ykmbidl@web-library.net
================================================================================
Error Name: TypeError
Error Message: terminated

Stack Trace:
TypeError: terminated
    at Fetch.onAborted (node:internal/deps/undici/undici:12141:53)
    at Fetch.emit (node:events:508:28)
    at Fetch.terminate (node:internal/deps/undici/undici:11300:14)
    at Object.onError (node:internal/deps/undici/undici:12260:38)
    at Request.onError (node:internal/deps/undici/undici:2754:31)
    at Object.errorRequest (node:internal/deps/undici/undici:1641:17)
    at TLSSocket.onHttpSocketClose (node:internal/deps/undici/undici:7173:14)
    at TLSSocket.emit (node:events:520:35)
    at node:net:346:12
    at TCP.done (node:_tls_wrap:649:7)
================================================================================

